{"C:\\Users\\87291\\Desktop\\project\\cse110-sp21-group8\\src\\js\\futurecal.js": {"path":"C:\\Users\\87291\\Desktop\\project\\cse110-sp21-group8\\src\\js\\futurecal.js","statementMap":{"0":{"start":{"line":3,"column":13},"end":{"line":3,"column":23}},"1":{"start":{"line":4,"column":14},"end":{"line":4,"column":64}},"2":{"start":{"line":5,"column":14},"end":{"line":5,"column":66}},"3":{"start":{"line":6,"column":14},"end":{"line":6,"column":66}},"4":{"start":{"line":7,"column":14},"end":{"line":7,"column":66}},"5":{"start":{"line":8,"column":14},"end":{"line":8,"column":66}},"6":{"start":{"line":12,"column":18},"end":{"line":12,"column":49}},"7":{"start":{"line":13,"column":19},"end":{"line":13,"column":50}},"8":{"start":{"line":14,"column":19},"end":{"line":14,"column":50}},"9":{"start":{"line":15,"column":19},"end":{"line":15,"column":50}},"10":{"start":{"line":16,"column":19},"end":{"line":16,"column":50}},"11":{"start":{"line":17,"column":19},"end":{"line":17,"column":50}},"12":{"start":{"line":21,"column":0},"end":{"line":21,"column":16}},"13":{"start":{"line":22,"column":0},"end":{"line":22,"column":17}},"14":{"start":{"line":23,"column":0},"end":{"line":23,"column":17}},"15":{"start":{"line":24,"column":0},"end":{"line":24,"column":17}},"16":{"start":{"line":25,"column":0},"end":{"line":25,"column":17}},"17":{"start":{"line":26,"column":0},"end":{"line":26,"column":17}},"18":{"start":{"line":33,"column":16},"end":{"line":37,"column":11}},"19":{"start":{"line":38,"column":17},"end":{"line":42,"column":11}},"20":{"start":{"line":43,"column":17},"end":{"line":47,"column":11}},"21":{"start":{"line":48,"column":17},"end":{"line":52,"column":11}},"22":{"start":{"line":53,"column":17},"end":{"line":57,"column":11}},"23":{"start":{"line":58,"column":17},"end":{"line":62,"column":11}},"24":{"start":{"line":67,"column":15},"end":{"line":80,"column":1}},"25":{"start":{"line":84,"column":22},"end":{"line":84,"column":35}},"26":{"start":{"line":85,"column":23},"end":{"line":85,"column":37}},"27":{"start":{"line":86,"column":23},"end":{"line":86,"column":37}},"28":{"start":{"line":87,"column":23},"end":{"line":87,"column":37}},"29":{"start":{"line":88,"column":23},"end":{"line":88,"column":37}},"30":{"start":{"line":89,"column":23},"end":{"line":89,"column":37}},"31":{"start":{"line":93,"column":13},"end":{"line":93,"column":36}},"32":{"start":{"line":94,"column":13},"end":{"line":94,"column":38}},"33":{"start":{"line":95,"column":13},"end":{"line":95,"column":38}},"34":{"start":{"line":96,"column":13},"end":{"line":96,"column":38}},"35":{"start":{"line":97,"column":13},"end":{"line":97,"column":38}},"36":{"start":{"line":98,"column":13},"end":{"line":98,"column":38}},"37":{"start":{"line":101,"column":0},"end":{"line":195,"column":2}},"38":{"start":{"line":106,"column":0},"end":{"line":106,"column":80}},"39":{"start":{"line":107,"column":0},"end":{"line":107,"column":84}},"40":{"start":{"line":108,"column":0},"end":{"line":108,"column":84}},"41":{"start":{"line":109,"column":0},"end":{"line":109,"column":84}},"42":{"start":{"line":110,"column":0},"end":{"line":110,"column":84}},"43":{"start":{"line":111,"column":0},"end":{"line":111,"column":84}},"44":{"start":{"line":115,"column":11},"end":{"line":115,"column":13}},"45":{"start":{"line":116,"column":12},"end":{"line":116,"column":14}},"46":{"start":{"line":117,"column":12},"end":{"line":117,"column":14}},"47":{"start":{"line":118,"column":12},"end":{"line":118,"column":14}},"48":{"start":{"line":119,"column":12},"end":{"line":119,"column":14}},"49":{"start":{"line":120,"column":12},"end":{"line":120,"column":14}},"50":{"start":{"line":127,"column":0},"end":{"line":129,"column":3}},"51":{"start":{"line":127,"column":13},"end":{"line":127,"column":26}},"52":{"start":{"line":128,"column":4},"end":{"line":128,"column":51}},"53":{"start":{"line":131,"column":0},"end":{"line":135,"column":1}},"54":{"start":{"line":131,"column":12},"end":{"line":131,"column":13}},"55":{"start":{"line":132,"column":4},"end":{"line":132,"column":48}},"56":{"start":{"line":133,"column":4},"end":{"line":133,"column":31}},"57":{"start":{"line":139,"column":0},"end":{"line":141,"column":3}},"58":{"start":{"line":139,"column":13},"end":{"line":139,"column":27}},"59":{"start":{"line":140,"column":4},"end":{"line":140,"column":52}},"60":{"start":{"line":143,"column":0},"end":{"line":147,"column":1}},"61":{"start":{"line":143,"column":12},"end":{"line":143,"column":13}},"62":{"start":{"line":144,"column":4},"end":{"line":144,"column":49}},"63":{"start":{"line":145,"column":4},"end":{"line":145,"column":33}},"64":{"start":{"line":151,"column":0},"end":{"line":153,"column":3}},"65":{"start":{"line":151,"column":13},"end":{"line":151,"column":27}},"66":{"start":{"line":152,"column":4},"end":{"line":152,"column":52}},"67":{"start":{"line":155,"column":0},"end":{"line":159,"column":1}},"68":{"start":{"line":155,"column":12},"end":{"line":155,"column":13}},"69":{"start":{"line":156,"column":4},"end":{"line":156,"column":49}},"70":{"start":{"line":157,"column":4},"end":{"line":157,"column":33}},"71":{"start":{"line":163,"column":0},"end":{"line":165,"column":3}},"72":{"start":{"line":163,"column":13},"end":{"line":163,"column":27}},"73":{"start":{"line":164,"column":4},"end":{"line":164,"column":52}},"74":{"start":{"line":167,"column":0},"end":{"line":171,"column":1}},"75":{"start":{"line":167,"column":12},"end":{"line":167,"column":13}},"76":{"start":{"line":168,"column":4},"end":{"line":168,"column":49}},"77":{"start":{"line":169,"column":4},"end":{"line":169,"column":33}},"78":{"start":{"line":175,"column":0},"end":{"line":177,"column":3}},"79":{"start":{"line":175,"column":13},"end":{"line":175,"column":27}},"80":{"start":{"line":176,"column":4},"end":{"line":176,"column":52}},"81":{"start":{"line":179,"column":0},"end":{"line":183,"column":1}},"82":{"start":{"line":179,"column":12},"end":{"line":179,"column":13}},"83":{"start":{"line":180,"column":4},"end":{"line":180,"column":49}},"84":{"start":{"line":181,"column":4},"end":{"line":181,"column":33}},"85":{"start":{"line":187,"column":0},"end":{"line":189,"column":3}},"86":{"start":{"line":187,"column":13},"end":{"line":187,"column":27}},"87":{"start":{"line":188,"column":4},"end":{"line":188,"column":52}},"88":{"start":{"line":191,"column":0},"end":{"line":194,"column":1}},"89":{"start":{"line":191,"column":12},"end":{"line":191,"column":13}},"90":{"start":{"line":192,"column":4},"end":{"line":192,"column":49}},"91":{"start":{"line":193,"column":4},"end":{"line":193,"column":33}},"92":{"start":{"line":202,"column":0},"end":{"line":217,"column":1}}},"fnMap":{"0":{"name":"(anonymous_0)","decl":{"start":{"line":101,"column":46},"end":{"line":101,"column":47}},"loc":{"start":{"line":101,"column":52},"end":{"line":195,"column":1}},"line":101}},"branchMap":{},"s":{"0":1,"1":1,"2":1,"3":1,"4":1,"5":1,"6":1,"7":1,"8":1,"9":1,"10":1,"11":1,"12":1,"13":1,"14":1,"15":1,"16":1,"17":1,"18":1,"19":1,"20":1,"21":1,"22":1,"23":1,"24":1,"25":1,"26":1,"27":1,"28":1,"29":1,"30":1,"31":1,"32":1,"33":1,"34":1,"35":1,"36":1,"37":1,"38":0,"39":0,"40":0,"41":0,"42":0,"43":0,"44":0,"45":0,"46":0,"47":0,"48":0,"49":0,"50":0,"51":0,"52":0,"53":0,"54":0,"55":0,"56":0,"57":0,"58":0,"59":0,"60":0,"61":0,"62":0,"63":0,"64":0,"65":0,"66":0,"67":0,"68":0,"69":0,"70":0,"71":0,"72":0,"73":0,"74":0,"75":0,"76":0,"77":0,"78":0,"79":0,"80":0,"81":0,"82":0,"83":0,"84":0,"85":0,"86":0,"87":0,"88":0,"89":0,"90":0,"91":0,"92":1},"f":{"0":0},"b":{},"_coverageSchema":"1a1c01bbd47fc00a2c39e90264f33305004495a9","hash":"402822cecf1009fbdfc02e5fe9a7d6f510983bad"}
}
