{"C:\\Users\\87291\\Desktop\\demo\\cse110-sp21-group8\\server.js": {"path":"C:\\Users\\87291\\Desktop\\demo\\cse110-sp21-group8\\server.js","statementMap":{"0":{"start":{"line":2,"column":0},"end":{"line":2,"column":27}},"1":{"start":{"line":5,"column":16},"end":{"line":5,"column":34}},"2":{"start":{"line":6,"column":12},"end":{"line":6,"column":21}},"3":{"start":{"line":7,"column":13},"end":{"line":7,"column":17}},"4":{"start":{"line":8,"column":13},"end":{"line":8,"column":28}},"5":{"start":{"line":11,"column":14},"end":{"line":11,"column":40}},"6":{"start":{"line":12,"column":19},"end":{"line":12,"column":43}},"7":{"start":{"line":13,"column":0},"end":{"line":13,"column":24}},"8":{"start":{"line":14,"column":0},"end":{"line":14,"column":49}},"9":{"start":{"line":17,"column":13},"end":{"line":17,"column":32}},"10":{"start":{"line":18,"column":10},"end":{"line":18,"column":24}},"11":{"start":{"line":21,"column":17},"end":{"line":21,"column":39}},"12":{"start":{"line":22,"column":0},"end":{"line":22,"column":27}},"13":{"start":{"line":23,"column":0},"end":{"line":23,"column":49}},"14":{"start":{"line":45,"column":0},"end":{"line":45,"column":62}},"15":{"start":{"line":46,"column":0},"end":{"line":46,"column":64}},"16":{"start":{"line":47,"column":0},"end":{"line":47,"column":65}},"17":{"start":{"line":48,"column":0},"end":{"line":48,"column":66}},"18":{"start":{"line":52,"column":0},"end":{"line":58,"column":3}},"19":{"start":{"line":53,"column":4},"end":{"line":57,"column":5}},"20":{"start":{"line":54,"column":6},"end":{"line":54,"column":64}},"21":{"start":{"line":56,"column":6},"end":{"line":56,"column":64}},"22":{"start":{"line":60,"column":0},"end":{"line":66,"column":3}},"23":{"start":{"line":61,"column":2},"end":{"line":65,"column":3}},"24":{"start":{"line":62,"column":4},"end":{"line":62,"column":62}},"25":{"start":{"line":64,"column":5},"end":{"line":64,"column":63}},"26":{"start":{"line":67,"column":0},"end":{"line":73,"column":3}},"27":{"start":{"line":68,"column":2},"end":{"line":72,"column":3}},"28":{"start":{"line":69,"column":4},"end":{"line":69,"column":63}},"29":{"start":{"line":71,"column":4},"end":{"line":71,"column":62}},"30":{"start":{"line":74,"column":0},"end":{"line":80,"column":3}},"31":{"start":{"line":75,"column":2},"end":{"line":79,"column":3}},"32":{"start":{"line":76,"column":4},"end":{"line":76,"column":64}},"33":{"start":{"line":78,"column":4},"end":{"line":78,"column":62}},"34":{"start":{"line":81,"column":0},"end":{"line":87,"column":3}},"35":{"start":{"line":82,"column":2},"end":{"line":86,"column":3}},"36":{"start":{"line":83,"column":4},"end":{"line":83,"column":63}},"37":{"start":{"line":85,"column":4},"end":{"line":85,"column":62}},"38":{"start":{"line":88,"column":0},"end":{"line":90,"column":3}},"39":{"start":{"line":89,"column":2},"end":{"line":89,"column":60}},"40":{"start":{"line":91,"column":0},"end":{"line":93,"column":3}},"41":{"start":{"line":92,"column":2},"end":{"line":92,"column":61}},"42":{"start":{"line":113,"column":0},"end":{"line":117,"column":2}},"43":{"start":{"line":114,"column":12},"end":{"line":114,"column":20}},"44":{"start":{"line":115,"column":19},"end":{"line":115,"column":90}},"45":{"start":{"line":116,"column":2},"end":{"line":116,"column":35}},"46":{"start":{"line":120,"column":0},"end":{"line":124,"column":2}},"47":{"start":{"line":121,"column":12},"end":{"line":121,"column":20}},"48":{"start":{"line":122,"column":19},"end":{"line":122,"column":108}},"49":{"start":{"line":123,"column":2},"end":{"line":123,"column":33}},"50":{"start":{"line":128,"column":0},"end":{"line":134,"column":2}},"51":{"start":{"line":129,"column":12},"end":{"line":129,"column":20}},"52":{"start":{"line":130,"column":2},"end":{"line":130,"column":38}},"53":{"start":{"line":131,"column":3},"end":{"line":131,"column":34}},"54":{"start":{"line":132,"column":3},"end":{"line":132,"column":34}},"55":{"start":{"line":133,"column":3},"end":{"line":133,"column":30}},"56":{"start":{"line":136,"column":0},"end":{"line":141,"column":2}},"57":{"start":{"line":137,"column":12},"end":{"line":137,"column":20}},"58":{"start":{"line":138,"column":2},"end":{"line":138,"column":33}},"59":{"start":{"line":139,"column":2},"end":{"line":139,"column":33}},"60":{"start":{"line":140,"column":2},"end":{"line":140,"column":31}},"61":{"start":{"line":144,"column":0},"end":{"line":148,"column":2}},"62":{"start":{"line":145,"column":12},"end":{"line":145,"column":20}},"63":{"start":{"line":146,"column":3},"end":{"line":146,"column":34}},"64":{"start":{"line":147,"column":3},"end":{"line":147,"column":31}},"65":{"start":{"line":150,"column":0},"end":{"line":155,"column":2}},"66":{"start":{"line":151,"column":12},"end":{"line":151,"column":20}},"67":{"start":{"line":152,"column":3},"end":{"line":152,"column":34}},"68":{"start":{"line":153,"column":3},"end":{"line":153,"column":34}},"69":{"start":{"line":154,"column":3},"end":{"line":154,"column":30}},"70":{"start":{"line":158,"column":0},"end":{"line":163,"column":2}},"71":{"start":{"line":159,"column":12},"end":{"line":159,"column":20}},"72":{"start":{"line":160,"column":2},"end":{"line":160,"column":33}},"73":{"start":{"line":162,"column":2},"end":{"line":162,"column":24}},"74":{"start":{"line":166,"column":0},"end":{"line":171,"column":2}},"75":{"start":{"line":167,"column":12},"end":{"line":167,"column":20}},"76":{"start":{"line":168,"column":2},"end":{"line":168,"column":40}},"77":{"start":{"line":170,"column":2},"end":{"line":170,"column":27}},"78":{"start":{"line":174,"column":0},"end":{"line":179,"column":2}},"79":{"start":{"line":175,"column":12},"end":{"line":175,"column":20}},"80":{"start":{"line":176,"column":2},"end":{"line":176,"column":33}},"81":{"start":{"line":178,"column":2},"end":{"line":178,"column":27}},"82":{"start":{"line":182,"column":0},"end":{"line":187,"column":2}},"83":{"start":{"line":183,"column":12},"end":{"line":183,"column":20}},"84":{"start":{"line":184,"column":2},"end":{"line":184,"column":33}},"85":{"start":{"line":186,"column":2},"end":{"line":186,"column":30}},"86":{"start":{"line":190,"column":0},"end":{"line":195,"column":2}},"87":{"start":{"line":191,"column":12},"end":{"line":191,"column":20}},"88":{"start":{"line":192,"column":2},"end":{"line":192,"column":33}},"89":{"start":{"line":194,"column":2},"end":{"line":194,"column":33}},"90":{"start":{"line":198,"column":0},"end":{"line":203,"column":2}},"91":{"start":{"line":199,"column":12},"end":{"line":199,"column":20}},"92":{"start":{"line":200,"column":2},"end":{"line":200,"column":33}},"93":{"start":{"line":202,"column":2},"end":{"line":202,"column":33}},"94":{"start":{"line":211,"column":15},"end":{"line":211,"column":34}},"95":{"start":{"line":212,"column":29},"end":{"line":212,"column":46}},"96":{"start":{"line":213,"column":19},"end":{"line":213,"column":38}},"97":{"start":{"line":214,"column":17},"end":{"line":218,"column":2}},"98":{"start":{"line":219,"column":11},"end":{"line":219,"column":45}},"99":{"start":{"line":225,"column":15},"end":{"line":225,"column":130}},"100":{"start":{"line":226,"column":16},"end":{"line":226,"column":46}},"101":{"start":{"line":227,"column":2},"end":{"line":227,"column":69}},"102":{"start":{"line":228,"column":2},"end":{"line":249,"column":5}},"103":{"start":{"line":230,"column":18},"end":{"line":230,"column":33}},"104":{"start":{"line":232,"column":4},"end":{"line":248,"column":7}},"105":{"start":{"line":233,"column":6},"end":{"line":233,"column":41}},"106":{"start":{"line":233,"column":15},"end":{"line":233,"column":41}},"107":{"start":{"line":234,"column":6},"end":{"line":247,"column":7}},"108":{"start":{"line":235,"column":8},"end":{"line":235,"column":42}},"109":{"start":{"line":236,"column":8},"end":{"line":236,"column":21}},"110":{"start":{"line":237,"column":8},"end":{"line":237,"column":39}},"111":{"start":{"line":238,"column":8},"end":{"line":238,"column":21}},"112":{"start":{"line":240,"column":8},"end":{"line":246,"column":11}},"113":{"start":{"line":241,"column":10},"end":{"line":241,"column":45}},"114":{"start":{"line":241,"column":19},"end":{"line":241,"column":45}},"115":{"start":{"line":242,"column":10},"end":{"line":242,"column":53}},"116":{"start":{"line":243,"column":10},"end":{"line":243,"column":50}},"117":{"start":{"line":244,"column":10},"end":{"line":244,"column":41}},"118":{"start":{"line":245,"column":10},"end":{"line":245,"column":23}},"119":{"start":{"line":253,"column":15},"end":{"line":253,"column":130}},"120":{"start":{"line":254,"column":16},"end":{"line":254,"column":46}},"121":{"start":{"line":255,"column":2},"end":{"line":255,"column":69}},"122":{"start":{"line":256,"column":2},"end":{"line":269,"column":5}},"123":{"start":{"line":258,"column":4},"end":{"line":268,"column":7}},"124":{"start":{"line":259,"column":6},"end":{"line":259,"column":41}},"125":{"start":{"line":259,"column":15},"end":{"line":259,"column":41}},"126":{"start":{"line":260,"column":6},"end":{"line":260,"column":23}},"127":{"start":{"line":261,"column":6},"end":{"line":266,"column":7}},"128":{"start":{"line":262,"column":8},"end":{"line":262,"column":51}},"129":{"start":{"line":263,"column":8},"end":{"line":263,"column":39}},"130":{"start":{"line":265,"column":8},"end":{"line":265,"column":39}},"131":{"start":{"line":267,"column":6},"end":{"line":267,"column":19}},"132":{"start":{"line":272,"column":17},"end":{"line":279,"column":2}},"133":{"start":{"line":280,"column":11},"end":{"line":280,"column":45}},"134":{"start":{"line":283,"column":15},"end":{"line":283,"column":130}},"135":{"start":{"line":284,"column":16},"end":{"line":284,"column":46}},"136":{"start":{"line":285,"column":2},"end":{"line":285,"column":69}},"137":{"start":{"line":286,"column":2},"end":{"line":298,"column":5}},"138":{"start":{"line":289,"column":4},"end":{"line":289,"column":35}},"139":{"start":{"line":290,"column":4},"end":{"line":290,"column":22}},"140":{"start":{"line":291,"column":18},"end":{"line":291,"column":33}},"141":{"start":{"line":292,"column":4},"end":{"line":297,"column":7}},"142":{"start":{"line":293,"column":6},"end":{"line":293,"column":41}},"143":{"start":{"line":293,"column":15},"end":{"line":293,"column":41}},"144":{"start":{"line":294,"column":6},"end":{"line":294,"column":45}},"145":{"start":{"line":295,"column":6},"end":{"line":295,"column":45}},"146":{"start":{"line":296,"column":6},"end":{"line":296,"column":19}},"147":{"start":{"line":304,"column":15},"end":{"line":304,"column":130}},"148":{"start":{"line":305,"column":16},"end":{"line":305,"column":46}},"149":{"start":{"line":306,"column":2},"end":{"line":306,"column":69}},"150":{"start":{"line":307,"column":2},"end":{"line":321,"column":5}},"151":{"start":{"line":310,"column":19},"end":{"line":310,"column":30}},"152":{"start":{"line":311,"column":19},"end":{"line":311,"column":30}},"153":{"start":{"line":313,"column":4},"end":{"line":313,"column":39}},"154":{"start":{"line":315,"column":4},"end":{"line":320,"column":7}},"155":{"start":{"line":316,"column":6},"end":{"line":316,"column":41}},"156":{"start":{"line":316,"column":15},"end":{"line":316,"column":41}},"157":{"start":{"line":317,"column":6},"end":{"line":317,"column":52}},"158":{"start":{"line":318,"column":6},"end":{"line":318,"column":43}},"159":{"start":{"line":319,"column":6},"end":{"line":319,"column":19}},"160":{"start":{"line":326,"column":15},"end":{"line":326,"column":130}},"161":{"start":{"line":327,"column":16},"end":{"line":327,"column":46}},"162":{"start":{"line":328,"column":2},"end":{"line":328,"column":69}},"163":{"start":{"line":329,"column":2},"end":{"line":339,"column":5}},"164":{"start":{"line":332,"column":4},"end":{"line":332,"column":34}},"165":{"start":{"line":333,"column":4},"end":{"line":338,"column":7}},"166":{"start":{"line":334,"column":6},"end":{"line":334,"column":41}},"167":{"start":{"line":334,"column":15},"end":{"line":334,"column":41}},"168":{"start":{"line":335,"column":6},"end":{"line":335,"column":53}},"169":{"start":{"line":336,"column":6},"end":{"line":336,"column":31}},"170":{"start":{"line":337,"column":6},"end":{"line":337,"column":19}},"171":{"start":{"line":346,"column":15},"end":{"line":346,"column":130}},"172":{"start":{"line":347,"column":16},"end":{"line":347,"column":46}},"173":{"start":{"line":348,"column":2},"end":{"line":348,"column":69}},"174":{"start":{"line":349,"column":2},"end":{"line":361,"column":5}},"175":{"start":{"line":351,"column":4},"end":{"line":360,"column":7}},"176":{"start":{"line":352,"column":6},"end":{"line":352,"column":41}},"177":{"start":{"line":352,"column":15},"end":{"line":352,"column":41}},"178":{"start":{"line":353,"column":6},"end":{"line":353,"column":33}},"179":{"start":{"line":354,"column":6},"end":{"line":358,"column":7}},"180":{"start":{"line":355,"column":8},"end":{"line":355,"column":47}},"181":{"start":{"line":357,"column":8},"end":{"line":357,"column":34}},"182":{"start":{"line":359,"column":6},"end":{"line":359,"column":19}},"183":{"start":{"line":365,"column":15},"end":{"line":365,"column":130}},"184":{"start":{"line":366,"column":16},"end":{"line":366,"column":46}},"185":{"start":{"line":367,"column":2},"end":{"line":367,"column":69}},"186":{"start":{"line":368,"column":2},"end":{"line":380,"column":5}},"187":{"start":{"line":370,"column":4},"end":{"line":379,"column":7}},"188":{"start":{"line":371,"column":6},"end":{"line":371,"column":41}},"189":{"start":{"line":371,"column":15},"end":{"line":371,"column":41}},"190":{"start":{"line":372,"column":6},"end":{"line":372,"column":33}},"191":{"start":{"line":373,"column":6},"end":{"line":377,"column":7}},"192":{"start":{"line":374,"column":8},"end":{"line":374,"column":47}},"193":{"start":{"line":376,"column":8},"end":{"line":376,"column":34}},"194":{"start":{"line":378,"column":6},"end":{"line":378,"column":19}},"195":{"start":{"line":384,"column":15},"end":{"line":384,"column":130}},"196":{"start":{"line":385,"column":16},"end":{"line":385,"column":46}},"197":{"start":{"line":386,"column":2},"end":{"line":386,"column":69}},"198":{"start":{"line":387,"column":2},"end":{"line":399,"column":5}},"199":{"start":{"line":389,"column":4},"end":{"line":398,"column":7}},"200":{"start":{"line":390,"column":6},"end":{"line":390,"column":41}},"201":{"start":{"line":390,"column":15},"end":{"line":390,"column":41}},"202":{"start":{"line":391,"column":6},"end":{"line":391,"column":33}},"203":{"start":{"line":392,"column":6},"end":{"line":396,"column":7}},"204":{"start":{"line":393,"column":8},"end":{"line":393,"column":47}},"205":{"start":{"line":395,"column":8},"end":{"line":395,"column":34}},"206":{"start":{"line":397,"column":6},"end":{"line":397,"column":19}},"207":{"start":{"line":404,"column":19},"end":{"line":412,"column":2}},"208":{"start":{"line":413,"column":13},"end":{"line":413,"column":51}},"209":{"start":{"line":417,"column":15},"end":{"line":417,"column":130}},"210":{"start":{"line":418,"column":18},"end":{"line":418,"column":52}},"211":{"start":{"line":419,"column":2},"end":{"line":419,"column":69}},"212":{"start":{"line":420,"column":2},"end":{"line":431,"column":5}},"213":{"start":{"line":423,"column":4},"end":{"line":423,"column":35}},"214":{"start":{"line":424,"column":20},"end":{"line":424,"column":37}},"215":{"start":{"line":425,"column":4},"end":{"line":430,"column":7}},"216":{"start":{"line":426,"column":6},"end":{"line":426,"column":41}},"217":{"start":{"line":426,"column":15},"end":{"line":426,"column":41}},"218":{"start":{"line":427,"column":6},"end":{"line":427,"column":51}},"219":{"start":{"line":428,"column":6},"end":{"line":428,"column":43}},"220":{"start":{"line":429,"column":6},"end":{"line":429,"column":19}},"221":{"start":{"line":436,"column":15},"end":{"line":436,"column":130}},"222":{"start":{"line":437,"column":18},"end":{"line":437,"column":52}},"223":{"start":{"line":438,"column":2},"end":{"line":438,"column":69}},"224":{"start":{"line":439,"column":2},"end":{"line":449,"column":5}},"225":{"start":{"line":442,"column":4},"end":{"line":442,"column":35}},"226":{"start":{"line":443,"column":4},"end":{"line":448,"column":7}},"227":{"start":{"line":444,"column":6},"end":{"line":444,"column":41}},"228":{"start":{"line":444,"column":15},"end":{"line":444,"column":41}},"229":{"start":{"line":445,"column":6},"end":{"line":445,"column":53}},"230":{"start":{"line":446,"column":6},"end":{"line":446,"column":31}},"231":{"start":{"line":447,"column":6},"end":{"line":447,"column":19}},"232":{"start":{"line":454,"column":15},"end":{"line":454,"column":130}},"233":{"start":{"line":455,"column":18},"end":{"line":455,"column":52}},"234":{"start":{"line":456,"column":2},"end":{"line":456,"column":69}},"235":{"start":{"line":457,"column":2},"end":{"line":470,"column":5}},"236":{"start":{"line":460,"column":19},"end":{"line":460,"column":30}},"237":{"start":{"line":461,"column":19},"end":{"line":461,"column":30}},"238":{"start":{"line":462,"column":4},"end":{"line":462,"column":39}},"239":{"start":{"line":464,"column":4},"end":{"line":469,"column":7}},"240":{"start":{"line":465,"column":6},"end":{"line":465,"column":41}},"241":{"start":{"line":465,"column":15},"end":{"line":465,"column":41}},"242":{"start":{"line":466,"column":6},"end":{"line":466,"column":53}},"243":{"start":{"line":467,"column":6},"end":{"line":467,"column":43}},"244":{"start":{"line":468,"column":6},"end":{"line":468,"column":19}},"245":{"start":{"line":477,"column":15},"end":{"line":477,"column":130}},"246":{"start":{"line":478,"column":18},"end":{"line":478,"column":52}},"247":{"start":{"line":479,"column":2},"end":{"line":479,"column":69}},"248":{"start":{"line":480,"column":2},"end":{"line":493,"column":5}},"249":{"start":{"line":482,"column":4},"end":{"line":482,"column":35}},"250":{"start":{"line":483,"column":4},"end":{"line":492,"column":7}},"251":{"start":{"line":484,"column":6},"end":{"line":484,"column":41}},"252":{"start":{"line":484,"column":15},"end":{"line":484,"column":41}},"253":{"start":{"line":485,"column":6},"end":{"line":485,"column":26}},"254":{"start":{"line":486,"column":6},"end":{"line":490,"column":7}},"255":{"start":{"line":487,"column":8},"end":{"line":487,"column":47}},"256":{"start":{"line":489,"column":8},"end":{"line":489,"column":34}},"257":{"start":{"line":491,"column":6},"end":{"line":491,"column":19}},"258":{"start":{"line":499,"column":20},"end":{"line":506,"column":2}},"259":{"start":{"line":507,"column":14},"end":{"line":507,"column":54}},"260":{"start":{"line":510,"column":0},"end":{"line":515,"column":2}},"261":{"start":{"line":511,"column":14},"end":{"line":511,"column":22}},"262":{"start":{"line":512,"column":4},"end":{"line":512,"column":35}},"263":{"start":{"line":513,"column":4},"end":{"line":513,"column":44}},"264":{"start":{"line":514,"column":3},"end":{"line":514,"column":24}},"265":{"start":{"line":518,"column":0},"end":{"line":524,"column":2}},"266":{"start":{"line":519,"column":12},"end":{"line":519,"column":20}},"267":{"start":{"line":520,"column":2},"end":{"line":520,"column":33}},"268":{"start":{"line":521,"column":2},"end":{"line":521,"column":42}},"269":{"start":{"line":523,"column":2},"end":{"line":523,"column":27}},"270":{"start":{"line":527,"column":0},"end":{"line":532,"column":2}},"271":{"start":{"line":528,"column":12},"end":{"line":528,"column":20}},"272":{"start":{"line":529,"column":2},"end":{"line":529,"column":42}},"273":{"start":{"line":531,"column":2},"end":{"line":531,"column":30}},"274":{"start":{"line":535,"column":0},"end":{"line":541,"column":2}},"275":{"start":{"line":536,"column":12},"end":{"line":536,"column":20}},"276":{"start":{"line":537,"column":2},"end":{"line":537,"column":33}},"277":{"start":{"line":538,"column":2},"end":{"line":538,"column":42}},"278":{"start":{"line":540,"column":2},"end":{"line":540,"column":30}},"279":{"start":{"line":545,"column":15},"end":{"line":545,"column":130}},"280":{"start":{"line":546,"column":19},"end":{"line":546,"column":55}},"281":{"start":{"line":547,"column":2},"end":{"line":547,"column":69}},"282":{"start":{"line":548,"column":2},"end":{"line":558,"column":5}},"283":{"start":{"line":551,"column":21},"end":{"line":551,"column":39}},"284":{"start":{"line":552,"column":4},"end":{"line":557,"column":7}},"285":{"start":{"line":553,"column":6},"end":{"line":553,"column":41}},"286":{"start":{"line":553,"column":15},"end":{"line":553,"column":41}},"287":{"start":{"line":554,"column":6},"end":{"line":554,"column":48}},"288":{"start":{"line":555,"column":6},"end":{"line":555,"column":46}},"289":{"start":{"line":556,"column":6},"end":{"line":556,"column":19}},"290":{"start":{"line":566,"column":15},"end":{"line":566,"column":130}},"291":{"start":{"line":567,"column":19},"end":{"line":567,"column":55}},"292":{"start":{"line":568,"column":2},"end":{"line":568,"column":69}},"293":{"start":{"line":569,"column":2},"end":{"line":582,"column":5}},"294":{"start":{"line":571,"column":4},"end":{"line":581,"column":7}},"295":{"start":{"line":572,"column":6},"end":{"line":572,"column":41}},"296":{"start":{"line":572,"column":15},"end":{"line":572,"column":41}},"297":{"start":{"line":573,"column":6},"end":{"line":573,"column":42}},"298":{"start":{"line":574,"column":6},"end":{"line":579,"column":7}},"299":{"start":{"line":575,"column":8},"end":{"line":575,"column":28}},"300":{"start":{"line":576,"column":8},"end":{"line":576,"column":47}},"301":{"start":{"line":578,"column":8},"end":{"line":578,"column":34}},"302":{"start":{"line":580,"column":6},"end":{"line":580,"column":19}},"303":{"start":{"line":589,"column":15},"end":{"line":589,"column":130}},"304":{"start":{"line":590,"column":19},"end":{"line":590,"column":55}},"305":{"start":{"line":591,"column":2},"end":{"line":591,"column":69}},"306":{"start":{"line":592,"column":2},"end":{"line":606,"column":5}},"307":{"start":{"line":595,"column":19},"end":{"line":595,"column":30}},"308":{"start":{"line":596,"column":19},"end":{"line":596,"column":30}},"309":{"start":{"line":598,"column":4},"end":{"line":598,"column":39}},"310":{"start":{"line":600,"column":4},"end":{"line":605,"column":7}},"311":{"start":{"line":601,"column":6},"end":{"line":601,"column":41}},"312":{"start":{"line":601,"column":15},"end":{"line":601,"column":41}},"313":{"start":{"line":602,"column":6},"end":{"line":602,"column":55}},"314":{"start":{"line":603,"column":6},"end":{"line":603,"column":43}},"315":{"start":{"line":604,"column":6},"end":{"line":604,"column":19}},"316":{"start":{"line":612,"column":15},"end":{"line":612,"column":130}},"317":{"start":{"line":613,"column":19},"end":{"line":613,"column":55}},"318":{"start":{"line":614,"column":2},"end":{"line":614,"column":69}},"319":{"start":{"line":615,"column":2},"end":{"line":624,"column":5}},"320":{"start":{"line":618,"column":4},"end":{"line":623,"column":7}},"321":{"start":{"line":619,"column":6},"end":{"line":619,"column":41}},"322":{"start":{"line":619,"column":15},"end":{"line":619,"column":41}},"323":{"start":{"line":620,"column":6},"end":{"line":620,"column":51}},"324":{"start":{"line":621,"column":6},"end":{"line":621,"column":31}},"325":{"start":{"line":622,"column":6},"end":{"line":622,"column":19}},"326":{"start":{"line":631,"column":22},"end":{"line":634,"column":2}},"327":{"start":{"line":635,"column":17},"end":{"line":635,"column":62}},"328":{"start":{"line":636,"column":0},"end":{"line":641,"column":2}},"329":{"start":{"line":637,"column":12},"end":{"line":637,"column":20}},"330":{"start":{"line":638,"column":2},"end":{"line":638,"column":33}},"331":{"start":{"line":639,"column":2},"end":{"line":639,"column":44}},"332":{"start":{"line":640,"column":2},"end":{"line":640,"column":25}},"333":{"start":{"line":644,"column":0},"end":{"line":650,"column":2}},"334":{"start":{"line":645,"column":10},"end":{"line":645,"column":18}},"335":{"start":{"line":646,"column":0},"end":{"line":646,"column":31}},"336":{"start":{"line":647,"column":0},"end":{"line":647,"column":42}},"337":{"start":{"line":649,"column":2},"end":{"line":649,"column":29}},"338":{"start":{"line":653,"column":15},"end":{"line":653,"column":130}},"339":{"start":{"line":654,"column":21},"end":{"line":654,"column":62}},"340":{"start":{"line":655,"column":2},"end":{"line":655,"column":69}},"341":{"start":{"line":656,"column":2},"end":{"line":668,"column":5}},"342":{"start":{"line":658,"column":4},"end":{"line":667,"column":7}},"343":{"start":{"line":659,"column":6},"end":{"line":659,"column":41}},"344":{"start":{"line":659,"column":15},"end":{"line":659,"column":41}},"345":{"start":{"line":660,"column":6},"end":{"line":665,"column":7}},"346":{"start":{"line":661,"column":8},"end":{"line":661,"column":28}},"347":{"start":{"line":662,"column":8},"end":{"line":662,"column":47}},"348":{"start":{"line":664,"column":8},"end":{"line":664,"column":34}},"349":{"start":{"line":666,"column":6},"end":{"line":666,"column":19}},"350":{"start":{"line":672,"column":15},"end":{"line":672,"column":130}},"351":{"start":{"line":673,"column":21},"end":{"line":673,"column":62}},"352":{"start":{"line":674,"column":2},"end":{"line":674,"column":69}},"353":{"start":{"line":675,"column":2},"end":{"line":685,"column":5}},"354":{"start":{"line":678,"column":23},"end":{"line":678,"column":43}},"355":{"start":{"line":679,"column":4},"end":{"line":684,"column":7}},"356":{"start":{"line":680,"column":6},"end":{"line":680,"column":41}},"357":{"start":{"line":680,"column":15},"end":{"line":680,"column":41}},"358":{"start":{"line":681,"column":6},"end":{"line":681,"column":48}},"359":{"start":{"line":682,"column":6},"end":{"line":682,"column":45}},"360":{"start":{"line":683,"column":6},"end":{"line":683,"column":19}},"361":{"start":{"line":698,"column":0},"end":{"line":698,"column":27}}},"fnMap":{"0":{"name":"(anonymous_0)","decl":{"start":{"line":52,"column":13},"end":{"line":52,"column":14}},"loc":{"start":{"line":52,"column":33},"end":{"line":58,"column":1}},"line":52},"1":{"name":"(anonymous_1)","decl":{"start":{"line":60,"column":18},"end":{"line":60,"column":19}},"loc":{"start":{"line":60,"column":38},"end":{"line":66,"column":1}},"line":60},"2":{"name":"(anonymous_2)","decl":{"start":{"line":67,"column":19},"end":{"line":67,"column":20}},"loc":{"start":{"line":67,"column":39},"end":{"line":73,"column":1}},"line":67},"3":{"name":"(anonymous_3)","decl":{"start":{"line":74,"column":20},"end":{"line":74,"column":21}},"loc":{"start":{"line":74,"column":40},"end":{"line":80,"column":1}},"line":74},"4":{"name":"(anonymous_4)","decl":{"start":{"line":81,"column":19},"end":{"line":81,"column":20}},"loc":{"start":{"line":81,"column":39},"end":{"line":87,"column":1}},"line":81},"5":{"name":"(anonymous_5)","decl":{"start":{"line":88,"column":18},"end":{"line":88,"column":19}},"loc":{"start":{"line":88,"column":38},"end":{"line":90,"column":1}},"line":88},"6":{"name":"(anonymous_6)","decl":{"start":{"line":91,"column":19},"end":{"line":91,"column":20}},"loc":{"start":{"line":91,"column":39},"end":{"line":93,"column":1}},"line":91},"7":{"name":"(anonymous_7)","decl":{"start":{"line":113,"column":24},"end":{"line":113,"column":25}},"loc":{"start":{"line":113,"column":44},"end":{"line":117,"column":1}},"line":113},"8":{"name":"(anonymous_8)","decl":{"start":{"line":120,"column":25},"end":{"line":120,"column":26}},"loc":{"start":{"line":120,"column":45},"end":{"line":124,"column":1}},"line":120},"9":{"name":"(anonymous_9)","decl":{"start":{"line":128,"column":26},"end":{"line":128,"column":27}},"loc":{"start":{"line":128,"column":46},"end":{"line":134,"column":1}},"line":128},"10":{"name":"(anonymous_10)","decl":{"start":{"line":136,"column":28},"end":{"line":136,"column":29}},"loc":{"start":{"line":136,"column":48},"end":{"line":141,"column":1}},"line":136},"11":{"name":"(anonymous_11)","decl":{"start":{"line":144,"column":27},"end":{"line":144,"column":28}},"loc":{"start":{"line":144,"column":47},"end":{"line":148,"column":1}},"line":144},"12":{"name":"(anonymous_12)","decl":{"start":{"line":150,"column":27},"end":{"line":150,"column":28}},"loc":{"start":{"line":150,"column":47},"end":{"line":155,"column":1}},"line":150},"13":{"name":"(anonymous_13)","decl":{"start":{"line":158,"column":21},"end":{"line":158,"column":22}},"loc":{"start":{"line":158,"column":41},"end":{"line":163,"column":1}},"line":158},"14":{"name":"(anonymous_14)","decl":{"start":{"line":166,"column":24},"end":{"line":166,"column":25}},"loc":{"start":{"line":166,"column":44},"end":{"line":171,"column":1}},"line":166},"15":{"name":"(anonymous_15)","decl":{"start":{"line":174,"column":24},"end":{"line":174,"column":25}},"loc":{"start":{"line":174,"column":44},"end":{"line":179,"column":1}},"line":174},"16":{"name":"(anonymous_16)","decl":{"start":{"line":182,"column":27},"end":{"line":182,"column":28}},"loc":{"start":{"line":182,"column":47},"end":{"line":187,"column":1}},"line":182},"17":{"name":"(anonymous_17)","decl":{"start":{"line":190,"column":30},"end":{"line":190,"column":31}},"loc":{"start":{"line":190,"column":50},"end":{"line":195,"column":1}},"line":190},"18":{"name":"(anonymous_18)","decl":{"start":{"line":198,"column":30},"end":{"line":198,"column":31}},"loc":{"start":{"line":198,"column":50},"end":{"line":203,"column":1}},"line":198},"19":{"name":"createUser","decl":{"start":{"line":222,"column":9},"end":{"line":222,"column":19}},"loc":{"start":{"line":222,"column":33},"end":{"line":250,"column":1}},"line":222},"20":{"name":"(anonymous_20)","decl":{"start":{"line":228,"column":20},"end":{"line":228,"column":21}},"loc":{"start":{"line":228,"column":30},"end":{"line":249,"column":3}},"line":228},"21":{"name":"(anonymous_21)","decl":{"start":{"line":232,"column":44},"end":{"line":232,"column":45}},"loc":{"start":{"line":232,"column":67},"end":{"line":248,"column":5}},"line":232},"22":{"name":"(anonymous_22)","decl":{"start":{"line":240,"column":21},"end":{"line":240,"column":22}},"loc":{"start":{"line":240,"column":44},"end":{"line":246,"column":9}},"line":240},"23":{"name":"verifyUser","decl":{"start":{"line":252,"column":9},"end":{"line":252,"column":19}},"loc":{"start":{"line":252,"column":34},"end":{"line":270,"column":1}},"line":252},"24":{"name":"(anonymous_24)","decl":{"start":{"line":256,"column":20},"end":{"line":256,"column":21}},"loc":{"start":{"line":256,"column":30},"end":{"line":269,"column":3}},"line":256},"25":{"name":"(anonymous_25)","decl":{"start":{"line":258,"column":21},"end":{"line":258,"column":22}},"loc":{"start":{"line":258,"column":41},"end":{"line":268,"column":5}},"line":258},"26":{"name":"addTask","decl":{"start":{"line":282,"column":9},"end":{"line":282,"column":16}},"loc":{"start":{"line":282,"column":30},"end":{"line":299,"column":1}},"line":282},"27":{"name":"(anonymous_27)","decl":{"start":{"line":286,"column":20},"end":{"line":286,"column":21}},"loc":{"start":{"line":286,"column":30},"end":{"line":298,"column":3}},"line":286},"28":{"name":"(anonymous_28)","decl":{"start":{"line":292,"column":17},"end":{"line":292,"column":18}},"loc":{"start":{"line":292,"column":40},"end":{"line":297,"column":5}},"line":292},"29":{"name":"UpdateTask","decl":{"start":{"line":303,"column":9},"end":{"line":303,"column":19}},"loc":{"start":{"line":303,"column":33},"end":{"line":322,"column":1}},"line":303},"30":{"name":"(anonymous_30)","decl":{"start":{"line":307,"column":20},"end":{"line":307,"column":21}},"loc":{"start":{"line":307,"column":30},"end":{"line":321,"column":3}},"line":307},"31":{"name":"(anonymous_31)","decl":{"start":{"line":315,"column":38},"end":{"line":315,"column":39}},"loc":{"start":{"line":315,"column":61},"end":{"line":320,"column":5}},"line":315},"32":{"name":"DeleteTask","decl":{"start":{"line":325,"column":9},"end":{"line":325,"column":19}},"loc":{"start":{"line":325,"column":33},"end":{"line":340,"column":1}},"line":325},"33":{"name":"(anonymous_33)","decl":{"start":{"line":329,"column":20},"end":{"line":329,"column":21}},"loc":{"start":{"line":329,"column":30},"end":{"line":339,"column":3}},"line":329},"34":{"name":"(anonymous_34)","decl":{"start":{"line":333,"column":26},"end":{"line":333,"column":27}},"loc":{"start":{"line":333,"column":49},"end":{"line":338,"column":5}},"line":333},"35":{"name":"getDailyTask","decl":{"start":{"line":345,"column":9},"end":{"line":345,"column":21}},"loc":{"start":{"line":345,"column":35},"end":{"line":362,"column":1}},"line":345},"36":{"name":"(anonymous_36)","decl":{"start":{"line":349,"column":20},"end":{"line":349,"column":21}},"loc":{"start":{"line":349,"column":30},"end":{"line":361,"column":3}},"line":349},"37":{"name":"(anonymous_37)","decl":{"start":{"line":351,"column":21},"end":{"line":351,"column":22}},"loc":{"start":{"line":351,"column":44},"end":{"line":360,"column":5}},"line":351},"38":{"name":"getMonthlyTask","decl":{"start":{"line":364,"column":9},"end":{"line":364,"column":23}},"loc":{"start":{"line":364,"column":37},"end":{"line":381,"column":1}},"line":364},"39":{"name":"(anonymous_39)","decl":{"start":{"line":368,"column":20},"end":{"line":368,"column":21}},"loc":{"start":{"line":368,"column":30},"end":{"line":380,"column":3}},"line":368},"40":{"name":"(anonymous_40)","decl":{"start":{"line":370,"column":21},"end":{"line":370,"column":22}},"loc":{"start":{"line":370,"column":44},"end":{"line":379,"column":5}},"line":370},"41":{"name":"getFutureTask","decl":{"start":{"line":383,"column":9},"end":{"line":383,"column":22}},"loc":{"start":{"line":383,"column":36},"end":{"line":400,"column":1}},"line":383},"42":{"name":"(anonymous_42)","decl":{"start":{"line":387,"column":20},"end":{"line":387,"column":21}},"loc":{"start":{"line":387,"column":30},"end":{"line":399,"column":3}},"line":387},"43":{"name":"(anonymous_43)","decl":{"start":{"line":389,"column":21},"end":{"line":389,"column":22}},"loc":{"start":{"line":389,"column":44},"end":{"line":398,"column":5}},"line":389},"44":{"name":"addCustomTask","decl":{"start":{"line":416,"column":9},"end":{"line":416,"column":22}},"loc":{"start":{"line":416,"column":36},"end":{"line":432,"column":1}},"line":416},"45":{"name":"(anonymous_45)","decl":{"start":{"line":420,"column":20},"end":{"line":420,"column":21}},"loc":{"start":{"line":420,"column":30},"end":{"line":431,"column":3}},"line":420},"46":{"name":"(anonymous_46)","decl":{"start":{"line":425,"column":19},"end":{"line":425,"column":20}},"loc":{"start":{"line":425,"column":42},"end":{"line":430,"column":5}},"line":425},"47":{"name":"DeleteCustomTask","decl":{"start":{"line":435,"column":9},"end":{"line":435,"column":25}},"loc":{"start":{"line":435,"column":39},"end":{"line":450,"column":1}},"line":435},"48":{"name":"(anonymous_48)","decl":{"start":{"line":439,"column":20},"end":{"line":439,"column":21}},"loc":{"start":{"line":439,"column":30},"end":{"line":449,"column":3}},"line":439},"49":{"name":"(anonymous_49)","decl":{"start":{"line":443,"column":28},"end":{"line":443,"column":29}},"loc":{"start":{"line":443,"column":51},"end":{"line":448,"column":5}},"line":443},"50":{"name":"UpdateCustomTask","decl":{"start":{"line":453,"column":9},"end":{"line":453,"column":25}},"loc":{"start":{"line":453,"column":39},"end":{"line":471,"column":1}},"line":453},"51":{"name":"(anonymous_51)","decl":{"start":{"line":457,"column":20},"end":{"line":457,"column":21}},"loc":{"start":{"line":457,"column":30},"end":{"line":470,"column":3}},"line":457},"52":{"name":"(anonymous_52)","decl":{"start":{"line":464,"column":40},"end":{"line":464,"column":41}},"loc":{"start":{"line":464,"column":63},"end":{"line":469,"column":5}},"line":464},"53":{"name":"getCustomTask","decl":{"start":{"line":476,"column":9},"end":{"line":476,"column":22}},"loc":{"start":{"line":476,"column":36},"end":{"line":494,"column":1}},"line":476},"54":{"name":"(anonymous_54)","decl":{"start":{"line":480,"column":20},"end":{"line":480,"column":21}},"loc":{"start":{"line":480,"column":30},"end":{"line":493,"column":3}},"line":480},"55":{"name":"(anonymous_55)","decl":{"start":{"line":483,"column":23},"end":{"line":483,"column":24}},"loc":{"start":{"line":483,"column":46},"end":{"line":492,"column":5}},"line":483},"56":{"name":"(anonymous_56)","decl":{"start":{"line":510,"column":24},"end":{"line":510,"column":25}},"loc":{"start":{"line":510,"column":44},"end":{"line":515,"column":1}},"line":510},"57":{"name":"(anonymous_57)","decl":{"start":{"line":518,"column":24},"end":{"line":518,"column":25}},"loc":{"start":{"line":518,"column":44},"end":{"line":524,"column":1}},"line":518},"58":{"name":"(anonymous_58)","decl":{"start":{"line":527,"column":27},"end":{"line":527,"column":28}},"loc":{"start":{"line":527,"column":47},"end":{"line":532,"column":1}},"line":527},"59":{"name":"(anonymous_59)","decl":{"start":{"line":535,"column":27},"end":{"line":535,"column":28}},"loc":{"start":{"line":535,"column":47},"end":{"line":541,"column":1}},"line":535},"60":{"name":"addSubTask","decl":{"start":{"line":544,"column":9},"end":{"line":544,"column":19}},"loc":{"start":{"line":544,"column":33},"end":{"line":559,"column":1}},"line":544},"61":{"name":"(anonymous_61)","decl":{"start":{"line":548,"column":20},"end":{"line":548,"column":21}},"loc":{"start":{"line":548,"column":30},"end":{"line":558,"column":3}},"line":548},"62":{"name":"(anonymous_62)","decl":{"start":{"line":552,"column":20},"end":{"line":552,"column":21}},"loc":{"start":{"line":552,"column":43},"end":{"line":557,"column":5}},"line":552},"63":{"name":"getSubTask","decl":{"start":{"line":565,"column":9},"end":{"line":565,"column":19}},"loc":{"start":{"line":565,"column":33},"end":{"line":583,"column":1}},"line":565},"64":{"name":"(anonymous_64)","decl":{"start":{"line":569,"column":20},"end":{"line":569,"column":21}},"loc":{"start":{"line":569,"column":30},"end":{"line":582,"column":3}},"line":569},"65":{"name":"(anonymous_65)","decl":{"start":{"line":571,"column":24},"end":{"line":571,"column":25}},"loc":{"start":{"line":571,"column":47},"end":{"line":581,"column":5}},"line":571},"66":{"name":"UpdateSubTask","decl":{"start":{"line":588,"column":9},"end":{"line":588,"column":22}},"loc":{"start":{"line":588,"column":36},"end":{"line":607,"column":1}},"line":588},"67":{"name":"(anonymous_67)","decl":{"start":{"line":592,"column":20},"end":{"line":592,"column":21}},"loc":{"start":{"line":592,"column":30},"end":{"line":606,"column":3}},"line":592},"68":{"name":"(anonymous_68)","decl":{"start":{"line":600,"column":41},"end":{"line":600,"column":42}},"loc":{"start":{"line":600,"column":64},"end":{"line":605,"column":5}},"line":600},"69":{"name":"DeleteSubTask","decl":{"start":{"line":611,"column":9},"end":{"line":611,"column":22}},"loc":{"start":{"line":611,"column":36},"end":{"line":625,"column":1}},"line":611},"70":{"name":"(anonymous_70)","decl":{"start":{"line":615,"column":20},"end":{"line":615,"column":21}},"loc":{"start":{"line":615,"column":30},"end":{"line":624,"column":3}},"line":615},"71":{"name":"(anonymous_71)","decl":{"start":{"line":618,"column":29},"end":{"line":618,"column":30}},"loc":{"start":{"line":618,"column":52},"end":{"line":623,"column":5}},"line":618},"72":{"name":"(anonymous_72)","decl":{"start":{"line":636,"column":26},"end":{"line":636,"column":27}},"loc":{"start":{"line":636,"column":46},"end":{"line":641,"column":1}},"line":636},"73":{"name":"(anonymous_73)","decl":{"start":{"line":644,"column":26},"end":{"line":644,"column":27}},"loc":{"start":{"line":644,"column":46},"end":{"line":650,"column":1}},"line":644},"74":{"name":"getCustomTag","decl":{"start":{"line":652,"column":9},"end":{"line":652,"column":21}},"loc":{"start":{"line":652,"column":35},"end":{"line":669,"column":1}},"line":652},"75":{"name":"(anonymous_75)","decl":{"start":{"line":656,"column":20},"end":{"line":656,"column":21}},"loc":{"start":{"line":656,"column":30},"end":{"line":668,"column":3}},"line":656},"76":{"name":"(anonymous_76)","decl":{"start":{"line":658,"column":26},"end":{"line":658,"column":27}},"loc":{"start":{"line":658,"column":49},"end":{"line":667,"column":5}},"line":658},"77":{"name":"addCustomTag","decl":{"start":{"line":671,"column":9},"end":{"line":671,"column":21}},"loc":{"start":{"line":671,"column":35},"end":{"line":686,"column":1}},"line":671},"78":{"name":"(anonymous_78)","decl":{"start":{"line":675,"column":20},"end":{"line":675,"column":21}},"loc":{"start":{"line":675,"column":30},"end":{"line":685,"column":3}},"line":675},"79":{"name":"(anonymous_79)","decl":{"start":{"line":679,"column":22},"end":{"line":679,"column":23}},"loc":{"start":{"line":679,"column":45},"end":{"line":684,"column":5}},"line":679}},"branchMap":{"0":{"loc":{"start":{"line":53,"column":4},"end":{"line":57,"column":5}},"type":"if","locations":[{"start":{"line":53,"column":4},"end":{"line":57,"column":5}},{"start":{"line":53,"column":4},"end":{"line":57,"column":5}}],"line":53},"1":{"loc":{"start":{"line":61,"column":2},"end":{"line":65,"column":3}},"type":"if","locations":[{"start":{"line":61,"column":2},"end":{"line":65,"column":3}},{"start":{"line":61,"column":2},"end":{"line":65,"column":3}}],"line":61},"2":{"loc":{"start":{"line":68,"column":2},"end":{"line":72,"column":3}},"type":"if","locations":[{"start":{"line":68,"column":2},"end":{"line":72,"column":3}},{"start":{"line":68,"column":2},"end":{"line":72,"column":3}}],"line":68},"3":{"loc":{"start":{"line":75,"column":2},"end":{"line":79,"column":3}},"type":"if","locations":[{"start":{"line":75,"column":2},"end":{"line":79,"column":3}},{"start":{"line":75,"column":2},"end":{"line":79,"column":3}}],"line":75},"4":{"loc":{"start":{"line":82,"column":2},"end":{"line":86,"column":3}},"type":"if","locations":[{"start":{"line":82,"column":2},"end":{"line":86,"column":3}},{"start":{"line":82,"column":2},"end":{"line":86,"column":3}}],"line":82},"5":{"loc":{"start":{"line":233,"column":6},"end":{"line":233,"column":41}},"type":"if","locations":[{"start":{"line":233,"column":6},"end":{"line":233,"column":41}},{"start":{"line":233,"column":6},"end":{"line":233,"column":41}}],"line":233},"6":{"loc":{"start":{"line":234,"column":6},"end":{"line":247,"column":7}},"type":"if","locations":[{"start":{"line":234,"column":6},"end":{"line":247,"column":7}},{"start":{"line":234,"column":6},"end":{"line":247,"column":7}}],"line":234},"7":{"loc":{"start":{"line":241,"column":10},"end":{"line":241,"column":45}},"type":"if","locations":[{"start":{"line":241,"column":10},"end":{"line":241,"column":45}},{"start":{"line":241,"column":10},"end":{"line":241,"column":45}}],"line":241},"8":{"loc":{"start":{"line":259,"column":6},"end":{"line":259,"column":41}},"type":"if","locations":[{"start":{"line":259,"column":6},"end":{"line":259,"column":41}},{"start":{"line":259,"column":6},"end":{"line":259,"column":41}}],"line":259},"9":{"loc":{"start":{"line":261,"column":6},"end":{"line":266,"column":7}},"type":"if","locations":[{"start":{"line":261,"column":6},"end":{"line":266,"column":7}},{"start":{"line":261,"column":6},"end":{"line":266,"column":7}}],"line":261},"10":{"loc":{"start":{"line":293,"column":6},"end":{"line":293,"column":41}},"type":"if","locations":[{"start":{"line":293,"column":6},"end":{"line":293,"column":41}},{"start":{"line":293,"column":6},"end":{"line":293,"column":41}}],"line":293},"11":{"loc":{"start":{"line":316,"column":6},"end":{"line":316,"column":41}},"type":"if","locations":[{"start":{"line":316,"column":6},"end":{"line":316,"column":41}},{"start":{"line":316,"column":6},"end":{"line":316,"column":41}}],"line":316},"12":{"loc":{"start":{"line":334,"column":6},"end":{"line":334,"column":41}},"type":"if","locations":[{"start":{"line":334,"column":6},"end":{"line":334,"column":41}},{"start":{"line":334,"column":6},"end":{"line":334,"column":41}}],"line":334},"13":{"loc":{"start":{"line":352,"column":6},"end":{"line":352,"column":41}},"type":"if","locations":[{"start":{"line":352,"column":6},"end":{"line":352,"column":41}},{"start":{"line":352,"column":6},"end":{"line":352,"column":41}}],"line":352},"14":{"loc":{"start":{"line":354,"column":6},"end":{"line":358,"column":7}},"type":"if","locations":[{"start":{"line":354,"column":6},"end":{"line":358,"column":7}},{"start":{"line":354,"column":6},"end":{"line":358,"column":7}}],"line":354},"15":{"loc":{"start":{"line":371,"column":6},"end":{"line":371,"column":41}},"type":"if","locations":[{"start":{"line":371,"column":6},"end":{"line":371,"column":41}},{"start":{"line":371,"column":6},"end":{"line":371,"column":41}}],"line":371},"16":{"loc":{"start":{"line":373,"column":6},"end":{"line":377,"column":7}},"type":"if","locations":[{"start":{"line":373,"column":6},"end":{"line":377,"column":7}},{"start":{"line":373,"column":6},"end":{"line":377,"column":7}}],"line":373},"17":{"loc":{"start":{"line":390,"column":6},"end":{"line":390,"column":41}},"type":"if","locations":[{"start":{"line":390,"column":6},"end":{"line":390,"column":41}},{"start":{"line":390,"column":6},"end":{"line":390,"column":41}}],"line":390},"18":{"loc":{"start":{"line":392,"column":6},"end":{"line":396,"column":7}},"type":"if","locations":[{"start":{"line":392,"column":6},"end":{"line":396,"column":7}},{"start":{"line":392,"column":6},"end":{"line":396,"column":7}}],"line":392},"19":{"loc":{"start":{"line":426,"column":6},"end":{"line":426,"column":41}},"type":"if","locations":[{"start":{"line":426,"column":6},"end":{"line":426,"column":41}},{"start":{"line":426,"column":6},"end":{"line":426,"column":41}}],"line":426},"20":{"loc":{"start":{"line":444,"column":6},"end":{"line":444,"column":41}},"type":"if","locations":[{"start":{"line":444,"column":6},"end":{"line":444,"column":41}},{"start":{"line":444,"column":6},"end":{"line":444,"column":41}}],"line":444},"21":{"loc":{"start":{"line":465,"column":6},"end":{"line":465,"column":41}},"type":"if","locations":[{"start":{"line":465,"column":6},"end":{"line":465,"column":41}},{"start":{"line":465,"column":6},"end":{"line":465,"column":41}}],"line":465},"22":{"loc":{"start":{"line":484,"column":6},"end":{"line":484,"column":41}},"type":"if","locations":[{"start":{"line":484,"column":6},"end":{"line":484,"column":41}},{"start":{"line":484,"column":6},"end":{"line":484,"column":41}}],"line":484},"23":{"loc":{"start":{"line":486,"column":6},"end":{"line":490,"column":7}},"type":"if","locations":[{"start":{"line":486,"column":6},"end":{"line":490,"column":7}},{"start":{"line":486,"column":6},"end":{"line":490,"column":7}}],"line":486},"24":{"loc":{"start":{"line":553,"column":6},"end":{"line":553,"column":41}},"type":"if","locations":[{"start":{"line":553,"column":6},"end":{"line":553,"column":41}},{"start":{"line":553,"column":6},"end":{"line":553,"column":41}}],"line":553},"25":{"loc":{"start":{"line":572,"column":6},"end":{"line":572,"column":41}},"type":"if","locations":[{"start":{"line":572,"column":6},"end":{"line":572,"column":41}},{"start":{"line":572,"column":6},"end":{"line":572,"column":41}}],"line":572},"26":{"loc":{"start":{"line":574,"column":6},"end":{"line":579,"column":7}},"type":"if","locations":[{"start":{"line":574,"column":6},"end":{"line":579,"column":7}},{"start":{"line":574,"column":6},"end":{"line":579,"column":7}}],"line":574},"27":{"loc":{"start":{"line":601,"column":6},"end":{"line":601,"column":41}},"type":"if","locations":[{"start":{"line":601,"column":6},"end":{"line":601,"column":41}},{"start":{"line":601,"column":6},"end":{"line":601,"column":41}}],"line":601},"28":{"loc":{"start":{"line":619,"column":6},"end":{"line":619,"column":41}},"type":"if","locations":[{"start":{"line":619,"column":6},"end":{"line":619,"column":41}},{"start":{"line":619,"column":6},"end":{"line":619,"column":41}}],"line":619},"29":{"loc":{"start":{"line":659,"column":6},"end":{"line":659,"column":41}},"type":"if","locations":[{"start":{"line":659,"column":6},"end":{"line":659,"column":41}},{"start":{"line":659,"column":6},"end":{"line":659,"column":41}}],"line":659},"30":{"loc":{"start":{"line":660,"column":6},"end":{"line":665,"column":7}},"type":"if","locations":[{"start":{"line":660,"column":6},"end":{"line":665,"column":7}},{"start":{"line":660,"column":6},"end":{"line":665,"column":7}}],"line":660},"31":{"loc":{"start":{"line":680,"column":6},"end":{"line":680,"column":41}},"type":"if","locations":[{"start":{"line":680,"column":6},"end":{"line":680,"column":41}},{"start":{"line":680,"column":6},"end":{"line":680,"column":41}}],"line":680}},"s":{"0":1,"1":1,"2":1,"3":1,"4":1,"5":1,"6":1,"7":1,"8":1,"9":1,"10":1,"11":1,"12":1,"13":1,"14":1,"15":1,"16":1,"17":1,"18":1,"19":0,"20":0,"21":0,"22":1,"23":0,"24":0,"25":0,"26":1,"27":0,"28":0,"29":0,"30":1,"31":0,"32":0,"33":0,"34":1,"35":0,"36":0,"37":0,"38":1,"39":0,"40":1,"41":0,"42":1,"43":2,"44":2,"45":2,"46":1,"47":2,"48":2,"49":2,"50":1,"51":0,"52":0,"53":0,"54":0,"55":0,"56":1,"57":0,"58":0,"59":0,"60":0,"61":1,"62":0,"63":0,"64":0,"65":1,"66":0,"67":0,"68":0,"69":0,"70":1,"71":0,"72":0,"73":0,"74":1,"75":0,"76":0,"77":0,"78":1,"79":0,"80":0,"81":0,"82":1,"83":0,"84":0,"85":0,"86":1,"87":0,"88":0,"89":0,"90":1,"91":0,"92":0,"93":0,"94":1,"95":1,"96":1,"97":1,"98":1,"99":2,"100":2,"101":2,"102":2,"103":2,"104":2,"105":2,"106":0,"107":2,"108":1,"109":1,"110":1,"111":1,"112":1,"113":1,"114":0,"115":1,"116":1,"117":1,"118":1,"119":2,"120":2,"121":2,"122":2,"123":2,"124":2,"125":0,"126":2,"127":2,"128":1,"129":1,"130":1,"131":2,"132":1,"133":1,"134":0,"135":0,"136":0,"137":0,"138":0,"139":0,"140":0,"141":0,"142":0,"143":0,"144":0,"145":0,"146":0,"147":0,"148":0,"149":0,"150":0,"151":0,"152":0,"153":0,"154":0,"155":0,"156":0,"157":0,"158":0,"159":0,"160":0,"161":0,"162":0,"163":0,"164":0,"165":0,"166":0,"167":0,"168":0,"169":0,"170":0,"171":0,"172":0,"173":0,"174":0,"175":0,"176":0,"177":0,"178":0,"179":0,"180":0,"181":0,"182":0,"183":0,"184":0,"185":0,"186":0,"187":0,"188":0,"189":0,"190":0,"191":0,"192":0,"193":0,"194":0,"195":0,"196":0,"197":0,"198":0,"199":0,"200":0,"201":0,"202":0,"203":0,"204":0,"205":0,"206":0,"207":1,"208":1,"209":0,"210":0,"211":0,"212":0,"213":0,"214":0,"215":0,"216":0,"217":0,"218":0,"219":0,"220":0,"221":0,"222":0,"223":0,"224":0,"225":0,"226":0,"227":0,"228":0,"229":0,"230":0,"231":0,"232":0,"233":0,"234":0,"235":0,"236":0,"237":0,"238":0,"239":0,"240":0,"241":0,"242":0,"243":0,"244":0,"245":0,"246":0,"247":0,"248":0,"249":0,"250":0,"251":0,"252":0,"253":0,"254":0,"255":0,"256":0,"257":0,"258":1,"259":1,"260":1,"261":0,"262":0,"263":0,"264":0,"265":1,"266":0,"267":0,"268":0,"269":0,"270":1,"271":0,"272":0,"273":0,"274":1,"275":0,"276":0,"277":0,"278":0,"279":0,"280":0,"281":0,"282":0,"283":0,"284":0,"285":0,"286":0,"287":0,"288":0,"289":0,"290":0,"291":0,"292":0,"293":0,"294":0,"295":0,"296":0,"297":0,"298":0,"299":0,"300":0,"301":0,"302":0,"303":0,"304":0,"305":0,"306":0,"307":0,"308":0,"309":0,"310":0,"311":0,"312":0,"313":0,"314":0,"315":0,"316":0,"317":0,"318":0,"319":0,"320":0,"321":0,"322":0,"323":0,"324":0,"325":0,"326":1,"327":1,"328":1,"329":0,"330":0,"331":0,"332":0,"333":1,"334":0,"335":0,"336":0,"337":0,"338":0,"339":0,"340":0,"341":0,"342":0,"343":0,"344":0,"345":0,"346":0,"347":0,"348":0,"349":0,"350":0,"351":0,"352":0,"353":0,"354":0,"355":0,"356":0,"357":0,"358":0,"359":0,"360":0,"361":1},"f":{"0":0,"1":0,"2":0,"3":0,"4":0,"5":0,"6":0,"7":2,"8":2,"9":0,"10":0,"11":0,"12":0,"13":0,"14":0,"15":0,"16":0,"17":0,"18":0,"19":2,"20":2,"21":2,"22":1,"23":2,"24":2,"25":2,"26":0,"27":0,"28":0,"29":0,"30":0,"31":0,"32":0,"33":0,"34":0,"35":0,"36":0,"37":0,"38":0,"39":0,"40":0,"41":0,"42":0,"43":0,"44":0,"45":0,"46":0,"47":0,"48":0,"49":0,"50":0,"51":0,"52":0,"53":0,"54":0,"55":0,"56":0,"57":0,"58":0,"59":0,"60":0,"61":0,"62":0,"63":0,"64":0,"65":0,"66":0,"67":0,"68":0,"69":0,"70":0,"71":0,"72":0,"73":0,"74":0,"75":0,"76":0,"77":0,"78":0,"79":0},"b":{"0":[0,0],"1":[0,0],"2":[0,0],"3":[0,0],"4":[0,0],"5":[0,2],"6":[1,1],"7":[0,1],"8":[0,2],"9":[1,1],"10":[0,0],"11":[0,0],"12":[0,0],"13":[0,0],"14":[0,0],"15":[0,0],"16":[0,0],"17":[0,0],"18":[0,0],"19":[0,0],"20":[0,0],"21":[0,0],"22":[0,0],"23":[0,0],"24":[0,0],"25":[0,0],"26":[0,0],"27":[0,0],"28":[0,0],"29":[0,0],"30":[0,0],"31":[0,0]},"_coverageSchema":"1a1c01bbd47fc00a2c39e90264f33305004495a9","hash":"81ef188f60950c0ed6c3818d2be82d39ca20bc81"}
}
