TN:
SF:server.js
FN:33,(anonymous_0)
FN:41,(anonymous_1)
FN:48,(anonymous_2)
FN:55,(anonymous_3)
FN:62,(anonymous_4)
FN:69,(anonymous_5)
FN:72,(anonymous_6)
FN:77,(anonymous_7)
FN:87,(anonymous_8)
FN:98,(anonymous_9)
FN:106,(anonymous_10)
FN:114,(anonymous_11)
FN:120,(anonymous_12)
FN:128,(anonymous_13)
FN:136,(anonymous_14)
FN:144,(anonymous_15)
FN:152,(anonymous_16)
FN:160,(anonymous_17)
FN:168,(anonymous_18)
FN:192,createUser
FN:201,(anonymous_20)
FN:205,(anonymous_21)
FN:213,(anonymous_22)
FN:231,verifyUser
FN:239,(anonymous_24)
FN:241,(anonymous_25)
FN:271,addTask
FN:279,(anonymous_27)
FN:285,(anonymous_28)
FN:300,UpdateTask
FN:308,(anonymous_30)
FN:316,(anonymous_31)
FN:331,DeleteTask
FN:339,(anonymous_33)
FN:343,(anonymous_34)
FN:358,getDailyTask
FN:366,(anonymous_36)
FN:368,(anonymous_37)
FN:387,getMonthlyTask
FN:395,(anonymous_39)
FN:397,(anonymous_40)
FN:416,getFutureTask
FN:424,(anonymous_42)
FN:426,(anonymous_43)
FN:457,addCustomTask
FN:465,(anonymous_45)
FN:470,(anonymous_46)
FN:485,DeleteCustomTask
FN:493,(anonymous_48)
FN:497,(anonymous_49)
FN:512,UpdateCustomTask
FN:520,(anonymous_51)
FN:527,(anonymous_52)
FN:542,getCustomTask
FN:550,(anonymous_54)
FN:553,(anonymous_55)
FN:577,(anonymous_56)
FN:585,(anonymous_57)
FN:594,(anonymous_58)
FN:602,(anonymous_59)
FN:616,addSubTask
FN:624,(anonymous_61)
FN:628,(anonymous_62)
FN:643,getSubTask
FN:651,(anonymous_64)
FN:653,(anonymous_65)
FN:673,UpdateSubTask
FN:681,(anonymous_67)
FN:689,(anonymous_68)
FN:704,DeleteSubTask
FN:712,(anonymous_70)
FN:715,(anonymous_71)
FN:730,(anonymous_72)
FN:738,(anonymous_73)
FN:752,getCustomTag
FN:760,(anonymous_75)
FN:762,(anonymous_76)
FN:781,addCustomTag
FN:789,(anonymous_78)
FN:793,(anonymous_79)
FNF:80
FNH:69
FNDA:0,(anonymous_0)
FNDA:0,(anonymous_1)
FNDA:0,(anonymous_2)
FNDA:0,(anonymous_3)
FNDA:0,(anonymous_4)
FNDA:0,(anonymous_5)
FNDA:0,(anonymous_6)
FNDA:7,(anonymous_7)
FNDA:2,(anonymous_8)
FNDA:2,(anonymous_9)
FNDA:1,(anonymous_10)
FNDA:1,(anonymous_11)
FNDA:1,(anonymous_12)
FNDA:3,(anonymous_13)
FNDA:3,(anonymous_14)
FNDA:3,(anonymous_15)
FNDA:1,(anonymous_16)
FNDA:1,(anonymous_17)
FNDA:1,(anonymous_18)
FNDA:2,createUser
FNDA:2,(anonymous_20)
FNDA:2,(anonymous_21)
FNDA:1,(anonymous_22)
FNDA:7,verifyUser
FNDA:7,(anonymous_24)
FNDA:7,(anonymous_25)
FNDA:3,addTask
FNDA:3,(anonymous_27)
FNDA:3,(anonymous_28)
FNDA:3,UpdateTask
FNDA:3,(anonymous_30)
FNDA:3,(anonymous_31)
FNDA:3,DeleteTask
FNDA:3,(anonymous_33)
FNDA:3,(anonymous_34)
FNDA:2,getDailyTask
FNDA:2,(anonymous_36)
FNDA:2,(anonymous_37)
FNDA:1,getMonthlyTask
FNDA:1,(anonymous_39)
FNDA:1,(anonymous_40)
FNDA:1,getFutureTask
FNDA:1,(anonymous_42)
FNDA:1,(anonymous_43)
FNDA:1,addCustomTask
FNDA:1,(anonymous_45)
FNDA:1,(anonymous_46)
FNDA:1,DeleteCustomTask
FNDA:1,(anonymous_48)
FNDA:1,(anonymous_49)
FNDA:1,UpdateCustomTask
FNDA:1,(anonymous_51)
FNDA:1,(anonymous_52)
FNDA:1,getCustomTask
FNDA:1,(anonymous_54)
FNDA:1,(anonymous_55)
FNDA:1,(anonymous_56)
FNDA:1,(anonymous_57)
FNDA:1,(anonymous_58)
FNDA:1,(anonymous_59)
FNDA:1,addSubTask
FNDA:1,(anonymous_61)
FNDA:1,(anonymous_62)
FNDA:1,getSubTask
FNDA:1,(anonymous_64)
FNDA:1,(anonymous_65)
FNDA:1,UpdateSubTask
FNDA:1,(anonymous_67)
FNDA:1,(anonymous_68)
FNDA:1,DeleteSubTask
FNDA:1,(anonymous_70)
FNDA:1,(anonymous_71)
FNDA:0,(anonymous_72)
FNDA:2,(anonymous_73)
FNDA:0,getCustomTag
FNDA:0,(anonymous_75)
FNDA:0,(anonymous_76)
FNDA:2,addCustomTag
FNDA:2,(anonymous_78)
FNDA:2,(anonymous_79)
DA:3,2
DA:6,2
DA:7,2
DA:8,2
DA:11,2
DA:12,2
DA:13,2
DA:14,2
DA:17,2
DA:18,2
DA:21,2
DA:22,2
DA:23,2
DA:26,2
DA:27,2
DA:28,2
DA:29,2
DA:33,2
DA:34,0
DA:35,0
DA:37,0
DA:41,2
DA:42,0
DA:43,0
DA:45,0
DA:48,2
DA:49,0
DA:50,0
DA:52,0
DA:55,2
DA:56,0
DA:57,0
DA:59,0
DA:62,2
DA:63,0
DA:64,0
DA:66,0
DA:69,2
DA:70,0
DA:72,2
DA:73,0
DA:77,2
DA:78,7
DA:79,7
DA:83,7
DA:87,2
DA:88,2
DA:89,2
DA:94,2
DA:98,2
DA:99,2
DA:100,2
DA:101,2
DA:102,2
DA:103,2
DA:106,2
DA:107,1
DA:108,1
DA:109,1
DA:110,1
DA:114,2
DA:115,1
DA:116,1
DA:117,1
DA:120,2
DA:121,1
DA:122,1
DA:123,1
DA:124,1
DA:128,2
DA:129,3
DA:130,3
DA:132,3
DA:136,2
DA:137,3
DA:138,3
DA:140,3
DA:144,2
DA:145,3
DA:146,3
DA:148,3
DA:152,2
DA:153,1
DA:154,1
DA:156,1
DA:160,2
DA:161,1
DA:162,1
DA:164,1
DA:168,2
DA:169,1
DA:170,1
DA:172,1
DA:178,2
DA:179,2
DA:184,2
DA:194,2
DA:199,2
DA:200,2
DA:201,2
DA:203,2
DA:205,2
DA:206,2
DA:207,2
DA:208,1
DA:209,1
DA:210,1
DA:211,1
DA:213,1
DA:214,1
DA:215,1
DA:216,1
DA:217,1
DA:218,1
DA:232,7
DA:237,7
DA:238,7
DA:239,7
DA:241,7
DA:242,7
DA:243,7
DA:244,7
DA:245,6
DA:246,6
DA:248,1
DA:250,7
DA:255,2
DA:263,2
DA:272,3
DA:277,3
DA:278,3
DA:279,3
DA:282,3
DA:283,3
DA:284,3
DA:285,3
DA:286,3
DA:287,3
DA:288,3
DA:289,3
DA:301,3
DA:306,3
DA:307,3
DA:308,3
DA:311,3
DA:312,3
DA:314,3
DA:316,3
DA:317,3
DA:318,3
DA:319,3
DA:320,3
DA:332,3
DA:337,3
DA:338,3
DA:339,3
DA:342,3
DA:343,3
DA:344,3
DA:345,3
DA:346,3
DA:347,3
DA:359,2
DA:364,2
DA:365,2
DA:366,2
DA:368,2
DA:369,2
DA:370,2
DA:371,2
DA:372,2
DA:374,0
DA:376,2
DA:388,1
DA:393,1
DA:394,1
DA:395,1
DA:397,1
DA:398,1
DA:399,1
DA:400,1
DA:401,1
DA:403,0
DA:405,1
DA:417,1
DA:422,1
DA:423,1
DA:424,1
DA:426,1
DA:427,1
DA:428,1
DA:429,1
DA:430,1
DA:432,0
DA:434,1
DA:440,2
DA:449,2
DA:458,1
DA:463,1
DA:464,1
DA:465,1
DA:468,1
DA:469,1
DA:470,1
DA:471,1
DA:472,1
DA:473,1
DA:474,1
DA:486,1
DA:491,1
DA:492,1
DA:493,1
DA:496,1
DA:497,1
DA:498,1
DA:499,1
DA:500,1
DA:501,1
DA:513,1
DA:518,1
DA:519,1
DA:520,1
DA:523,1
DA:524,1
DA:525,1
DA:527,1
DA:528,1
DA:529,1
DA:530,1
DA:531,1
DA:543,1
DA:548,1
DA:549,1
DA:550,1
DA:552,1
DA:553,1
DA:554,1
DA:555,1
DA:556,1
DA:557,1
DA:559,0
DA:561,1
DA:566,2
DA:574,2
DA:577,2
DA:578,1
DA:579,1
DA:580,1
DA:581,1
DA:585,2
DA:586,1
DA:587,1
DA:588,1
DA:590,1
DA:594,2
DA:595,1
DA:596,1
DA:598,1
DA:602,2
DA:603,1
DA:604,1
DA:605,1
DA:607,1
DA:617,1
DA:622,1
DA:623,1
DA:624,1
DA:627,1
DA:628,1
DA:629,1
DA:630,1
DA:631,1
DA:632,1
DA:644,1
DA:649,1
DA:650,1
DA:651,1
DA:653,1
DA:654,1
DA:655,1
DA:656,1
DA:657,1
DA:658,1
DA:660,0
DA:662,1
DA:674,1
DA:679,1
DA:680,1
DA:681,1
DA:684,1
DA:685,1
DA:687,1
DA:689,1
DA:690,1
DA:691,1
DA:692,1
DA:693,1
DA:705,1
DA:710,1
DA:711,1
DA:712,1
DA:715,1
DA:716,1
DA:717,1
DA:718,1
DA:719,1
DA:724,2
DA:729,2
DA:730,2
DA:731,0
DA:732,0
DA:733,0
DA:734,0
DA:738,2
DA:739,2
DA:740,2
DA:741,2
DA:743,2
DA:753,0
DA:758,0
DA:759,0
DA:760,0
DA:762,0
DA:763,0
DA:764,0
DA:765,0
DA:766,0
DA:768,0
DA:770,0
DA:782,2
DA:787,2
DA:788,2
DA:789,2
DA:792,2
DA:793,2
DA:794,2
DA:795,2
DA:796,2
DA:797,2
DA:803,2
LF:340
LH:303
BRDA:34,0,0,0
BRDA:34,0,1,0
BRDA:42,1,0,0
BRDA:42,1,1,0
BRDA:49,2,0,0
BRDA:49,2,1,0
BRDA:56,3,0,0
BRDA:56,3,1,0
BRDA:63,4,0,0
BRDA:63,4,1,0
BRDA:206,5,0,0
BRDA:206,5,1,2
BRDA:207,6,0,1
BRDA:207,6,1,1
BRDA:214,7,0,0
BRDA:214,7,1,1
BRDA:242,8,0,0
BRDA:242,8,1,7
BRDA:244,9,0,6
BRDA:244,9,1,1
BRDA:286,10,0,0
BRDA:286,10,1,3
BRDA:317,11,0,0
BRDA:317,11,1,3
BRDA:344,12,0,0
BRDA:344,12,1,3
BRDA:369,13,0,0
BRDA:369,13,1,2
BRDA:371,14,0,2
BRDA:371,14,1,0
BRDA:398,15,0,0
BRDA:398,15,1,1
BRDA:400,16,0,1
BRDA:400,16,1,0
BRDA:427,17,0,0
BRDA:427,17,1,1
BRDA:429,18,0,1
BRDA:429,18,1,0
BRDA:471,19,0,0
BRDA:471,19,1,1
BRDA:498,20,0,0
BRDA:498,20,1,1
BRDA:528,21,0,0
BRDA:528,21,1,1
BRDA:554,22,0,0
BRDA:554,22,1,1
BRDA:556,23,0,1
BRDA:556,23,1,0
BRDA:629,24,0,0
BRDA:629,24,1,1
BRDA:654,25,0,0
BRDA:654,25,1,1
BRDA:656,26,0,1
BRDA:656,26,1,0
BRDA:690,27,0,0
BRDA:690,27,1,1
BRDA:716,28,0,0
BRDA:716,28,1,1
BRDA:763,29,0,0
BRDA:763,29,1,0
BRDA:764,30,0,0
BRDA:764,30,1,0
BRDA:794,31,0,0
BRDA:794,31,1,2
BRF:64
BRH:27
end_of_record
