TN:
SF:src\js\futurecal.js
FN:101,(anonymous_0)
FNF:1
FNH:0
FNDA:0,(anonymous_0)
DA:3,1
DA:4,1
DA:5,1
DA:6,1
DA:7,1
DA:8,1
DA:12,1
DA:13,1
DA:14,1
DA:15,1
DA:16,1
DA:17,1
DA:21,1
DA:22,1
DA:23,1
DA:24,1
DA:25,1
DA:26,1
DA:33,1
DA:38,1
DA:43,1
DA:48,1
DA:53,1
DA:58,1
DA:67,1
DA:84,1
DA:85,1
DA:86,1
DA:87,1
DA:88,1
DA:89,1
DA:93,1
DA:94,1
DA:95,1
DA:96,1
DA:97,1
DA:98,1
DA:101,1
DA:106,0
DA:107,0
DA:108,0
DA:109,0
DA:110,0
DA:111,0
DA:115,0
DA:116,0
DA:117,0
DA:118,0
DA:119,0
DA:120,0
DA:127,0
DA:128,0
DA:131,0
DA:132,0
DA:133,0
DA:139,0
DA:140,0
DA:143,0
DA:144,0
DA:145,0
DA:151,0
DA:152,0
DA:155,0
DA:156,0
DA:157,0
DA:163,0
DA:164,0
DA:167,0
DA:168,0
DA:169,0
DA:175,0
DA:176,0
DA:179,0
DA:180,0
DA:181,0
DA:187,0
DA:188,0
DA:191,0
DA:192,0
DA:193,0
DA:202,1
LF:81
LH:39
BRF:0
BRH:0
end_of_record
